Started GET "/" for ::1 at 2021-06-27 14:15:36 +0100
  [1m[35m (2.2ms)[0m  [1m[34mSELECT sqlite_version(*)[0m
  [1m[35m (0.9ms)[0m  [1m[34mSELECT "schema_migrations"."version" FROM "schema_migrations" ORDER BY "schema_migrations"."version" ASC[0m
Processing by HomeController#index as HTML
  Rendering home/index.html.erb within layouts/site
  Rendered home/index.html.erb within layouts/site (Duration: 5.2ms | Allocations: 3195)
  [1m[36mCategory Load (1.2ms)[0m  [1m[34mSELECT "categories".* FROM "categories" WHERE "categories"."ancestry" IS NULL[0m
  ↳ app/views/layouts/_header_two.html.erb:30
  [1m[36mCategory Load (0.2ms)[0m  [1m[34mSELECT "categories".* FROM "categories" WHERE "categories"."ancestry" = ?[0m  [["ancestry", "1"]]
  ↳ app/views/layouts/_header_two.html.erb:41
  [1m[36mCategory Load (0.1ms)[0m  [1m[34mSELECT "categories".* FROM "categories" WHERE "categories"."ancestry" = ?[0m  [["ancestry", "4"]]
  ↳ app/views/layouts/_header_two.html.erb:41
  Rendered layouts/_header_two.html.erb (Duration: 18.3ms | Allocations: 6814)
  [1m[36mCACHE Category Load (0.0ms)[0m  [1m[34mSELECT "categories".* FROM "categories" WHERE "categories"."ancestry" = ?[0m  [["ancestry", "1"]]
  ↳ app/views/layouts/_header.html.erb:117
  [1m[36mCACHE Category Load (0.0ms)[0m  [1m[34mSELECT "categories".* FROM "categories" WHERE "categories"."ancestry" = ?[0m  [["ancestry", "4"]]
  ↳ app/views/layouts/_header.html.erb:117
  Rendered layouts/_header.html.erb (Duration: 22.5ms | Allocations: 8948)
  Rendered layouts/_footer.html.erb (Duration: 1.1ms | Allocations: 326)
Completed 200 OK in 186ms (Views: 108.1ms | ActiveRecord: 3.3ms | Allocations: 50980)


Started GET "/sje" for ::1 at 2021-06-27 14:15:39 +0100
  
ActionController::RoutingError (No route matches [GET] "/sje"):
  
actionpack (6.0.3.7) lib/action_dispatch/middleware/debug_exceptions.rb:36:in `call'
web-console (4.1.0) lib/web_console/middleware.rb:132:in `call_app'
web-console (4.1.0) lib/web_console/middleware.rb:28:in `block in call'
web-console (4.1.0) lib/web_console/middleware.rb:17:in `catch'
web-console (4.1.0) lib/web_console/middleware.rb:17:in `call'
actionpack (6.0.3.7) lib/action_dispatch/middleware/show_exceptions.rb:33:in `call'
railties (6.0.3.7) lib/rails/rack/logger.rb:37:in `call_app'
railties (6.0.3.7) lib/rails/rack/logger.rb:26:in `block in call'
activesupport (6.0.3.7) lib/active_support/tagged_logging.rb:80:in `block in tagged'
activesupport (6.0.3.7) lib/active_support/tagged_logging.rb:28:in `tagged'
activesupport (6.0.3.7) lib/active_support/tagged_logging.rb:80:in `tagged'
railties (6.0.3.7) lib/rails/rack/logger.rb:26:in `call'
sprockets-rails (3.2.2) lib/sprockets/rails/quiet_assets.rb:13:in `call'
actionpack (6.0.3.7) lib/action_dispatch/middleware/remote_ip.rb:81:in `call'
actionpack (6.0.3.7) lib/action_dispatch/middleware/request_id.rb:27:in `call'
rack (2.2.3) lib/rack/method_override.rb:24:in `call'
rack (2.2.3) lib/rack/runtime.rb:22:in `call'
activesupport (6.0.3.7) lib/active_support/cache/strategy/local_cache_middleware.rb:29:in `call'
actionpack (6.0.3.7) lib/action_dispatch/middleware/executor.rb:14:in `call'
actionpack (6.0.3.7) lib/action_dispatch/middleware/static.rb:126:in `call'
rack (2.2.3) lib/rack/sendfile.rb:110:in `call'
actionpack (6.0.3.7) lib/action_dispatch/middleware/host_authorization.rb:82:in `call'
webpacker (4.3.0) lib/webpacker/dev_server_proxy.rb:23:in `perform_request'
rack-proxy (0.6.5) lib/rack/proxy.rb:57:in `call'
railties (6.0.3.7) lib/rails/engine.rb:527:in `call'
puma (4.3.8) lib/puma/configuration.rb:228:in `call'
puma (4.3.8) lib/puma/server.rb:718:in `handle_request'
puma (4.3.8) lib/puma/server.rb:472:in `process_client'
puma (4.3.8) lib/puma/server.rb:328:in `block in run'
puma (4.3.8) lib/puma/thread_pool.rb:134:in `block in spawn_thread'
Started GET "/rails/info/routes?path=das" for ::1 at 2021-06-27 14:15:44 +0100
Processing by Rails::InfoController#routes as */*
  Parameters: {"path"=>"das"}
Completed 200 OK in 4ms (Views: 0.2ms | ActiveRecord: 0.0ms | Allocations: 2804)


Started GET "/rails/info/routes?path=admin" for ::1 at 2021-06-27 14:15:49 +0100
Processing by Rails::InfoController#routes as */*
  Parameters: {"path"=>"admin"}
Completed 200 OK in 3ms (Views: 0.3ms | ActiveRecord: 0.0ms | Allocations: 1360)


Started GET "/rails/info/routes?path=op" for ::1 at 2021-06-27 14:25:30 +0100
  [1m[35m (0.1ms)[0m  [1m[34mSELECT sqlite_version(*)[0m
Processing by Rails::InfoController#routes as */*
  Parameters: {"path"=>"op"}
Completed 200 OK in 4ms (Views: 0.7ms | ActiveRecord: 0.0ms | Allocations: 1017)


Started GET "/rails/info/routes?path=pr" for ::1 at 2021-06-27 14:25:32 +0100
Processing by Rails::InfoController#routes as */*
  Parameters: {"path"=>"pr"}
Completed 200 OK in 3ms (Views: 0.3ms | ActiveRecord: 0.0ms | Allocations: 1166)


Started GET "/rails/info/routes?path=pri" for ::1 at 2021-06-27 14:25:33 +0100
Processing by Rails::InfoController#routes as */*
  Parameters: {"path"=>"pri"}
Completed 200 OK in 2ms (Views: 0.2ms | ActiveRecord: 0.0ms | Allocations: 1011)


Started GET "/rails/info/routes?path=pro" for ::1 at 2021-06-27 14:25:33 +0100
Processing by Rails::InfoController#routes as */*
  Parameters: {"path"=>"pro"}
Completed 200 OK in 2ms (Views: 0.2ms | ActiveRecord: 0.0ms | Allocations: 1133)


Started GET "/rails/info/routes?path=prod" for ::1 at 2021-06-27 14:25:33 +0100
Processing by Rails::InfoController#routes as */*
  Parameters: {"path"=>"prod"}
Completed 200 OK in 2ms (Views: 0.2ms | ActiveRecord: 0.0ms | Allocations: 1114)


Started GET "/rails/info/routes?path=produ" for ::1 at 2021-06-27 14:25:34 +0100
Processing by Rails::InfoController#routes as */*
  Parameters: {"path"=>"produ"}
Completed 200 OK in 2ms (Views: 0.2ms | ActiveRecord: 0.0ms | Allocations: 1120)


Started GET "/rails/info/routes?path=product" for ::1 at 2021-06-27 14:25:35 +0100
Processing by Rails::InfoController#routes as */*
  Parameters: {"path"=>"product"}
Completed 200 OK in 2ms (Views: 0.2ms | ActiveRecord: 0.0ms | Allocations: 1110)


Started GET "/" for 127.0.0.1 at 2021-06-28 10:48:03 +0100
  [1m[35m (1.1ms)[0m  [1m[34mSELECT sqlite_version(*)[0m
  [1m[35m (0.3ms)[0m  [1m[34mSELECT "schema_migrations"."version" FROM "schema_migrations" ORDER BY "schema_migrations"."version" ASC[0m
Processing by HomeController#index as HTML
  Rendering home/index.html.erb within layouts/site
  Rendered home/index.html.erb within layouts/site (Duration: 6.1ms | Allocations: 3195)
  [1m[36mCategory Load (0.6ms)[0m  [1m[34mSELECT "categories".* FROM "categories" WHERE "categories"."ancestry" IS NULL[0m
  ↳ app/views/layouts/_header_two.html.erb:30
  [1m[36mCategory Load (0.3ms)[0m  [1m[34mSELECT "categories".* FROM "categories" WHERE "categories"."ancestry" = ?[0m  [["ancestry", "1"]]
  ↳ app/views/layouts/_header_two.html.erb:41
  [1m[36mCategory Load (0.1ms)[0m  [1m[34mSELECT "categories".* FROM "categories" WHERE "categories"."ancestry" = ?[0m  [["ancestry", "4"]]
  ↳ app/views/layouts/_header_two.html.erb:41
  Rendered layouts/_header_two.html.erb (Duration: 21.3ms | Allocations: 6814)
  [1m[36mCACHE Category Load (0.0ms)[0m  [1m[34mSELECT "categories".* FROM "categories" WHERE "categories"."ancestry" = ?[0m  [["ancestry", "1"]]
  ↳ app/views/layouts/_header.html.erb:117
  [1m[36mCACHE Category Load (0.0ms)[0m  [1m[34mSELECT "categories".* FROM "categories" WHERE "categories"."ancestry" = ?[0m  [["ancestry", "4"]]
  ↳ app/views/layouts/_header.html.erb:117
  Rendered layouts/_header.html.erb (Duration: 27.6ms | Allocations: 8948)
  Rendered layouts/_footer.html.erb (Duration: 1.8ms | Allocations: 326)
Completed 200 OK in 202ms (Views: 126.5ms | ActiveRecord: 3.0ms | Allocations: 50901)


Started GET "/" for 127.0.0.1 at 2021-06-28 10:48:44 +0100
Processing by HomeController#index as HTML
  Rendering home/index.html.erb within layouts/site
  Rendered home/index.html.erb within layouts/site (Duration: 4.0ms | Allocations: 3079)
  [1m[36mCategory Load (0.2ms)[0m  [1m[34mSELECT "categories".* FROM "categories" WHERE "categories"."ancestry" IS NULL[0m
  ↳ app/views/layouts/_header_two.html.erb:30
  [1m[36mCategory Load (0.2ms)[0m  [1m[34mSELECT "categories".* FROM "categories" WHERE "categories"."ancestry" = ?[0m  [["ancestry", "1"]]
  ↳ app/views/layouts/_header_two.html.erb:41
  [1m[36mCategory Load (0.2ms)[0m  [1m[34mSELECT "categories".* FROM "categories" WHERE "categories"."ancestry" = ?[0m  [["ancestry", "4"]]
  ↳ app/views/layouts/_header_two.html.erb:41
  Rendered layouts/_header_two.html.erb (Duration: 29.5ms | Allocations: 2679)
  [1m[36mCACHE Category Load (0.0ms)[0m  [1m[34mSELECT "categories".* FROM "categories" WHERE "categories"."ancestry" = ?[0m  [["ancestry", "1"]]
  ↳ app/views/layouts/_header.html.erb:117
  [1m[36mCACHE Category Load (0.0ms)[0m  [1m[34mSELECT "categories".* FROM "categories" WHERE "categories"."ancestry" = ?[0m  [["ancestry", "4"]]
  ↳ app/views/layouts/_header.html.erb:117
  Rendered layouts/_header.html.erb (Duration: 36.7ms | Allocations: 4787)
  Rendered layouts/_footer.html.erb (Duration: 1.2ms | Allocations: 328)
Completed 200 OK in 64ms (Views: 60.0ms | ActiveRecord: 0.6ms | Allocations: 15827)


Started GET "/" for 127.0.0.1 at 2021-06-28 10:53:13 +0100
Processing by HomeController#index as HTML
  Rendering home/index.html.erb within layouts/site
  Rendered home/index.html.erb within layouts/site (Duration: 5.0ms | Allocations: 3079)
  [1m[36mCategory Load (0.2ms)[0m  [1m[34mSELECT "categories".* FROM "categories" WHERE "categories"."ancestry" IS NULL[0m
  ↳ app/views/layouts/_header_two.html.erb:30
  [1m[36mCategory Load (0.3ms)[0m  [1m[34mSELECT "categories".* FROM "categories" WHERE "categories"."ancestry" = ?[0m  [["ancestry", "1"]]
  ↳ app/views/layouts/_header_two.html.erb:41
  [1m[36mCategory Load (0.2ms)[0m  [1m[34mSELECT "categories".* FROM "categories" WHERE "categories"."ancestry" = ?[0m  [["ancestry", "4"]]
  ↳ app/views/layouts/_header_two.html.erb:41
  Rendered layouts/_header_two.html.erb (Duration: 9.7ms | Allocations: 2689)
  [1m[36mCACHE Category Load (0.0ms)[0m  [1m[34mSELECT "categories".* FROM "categories" WHERE "categories"."ancestry" = ?[0m  [["ancestry", "1"]]
  ↳ app/views/layouts/_header.html.erb:117
  [1m[36mCACHE Category Load (0.0ms)[0m  [1m[34mSELECT "categories".* FROM "categories" WHERE "categories"."ancestry" = ?[0m  [["ancestry", "4"]]
  ↳ app/views/layouts/_header.html.erb:117
  Rendered layouts/_header.html.erb (Duration: 19.6ms | Allocations: 4798)
  Rendered layouts/_footer.html.erb (Duration: 1.1ms | Allocations: 318)
Completed 200 OK in 51ms (Views: 48.6ms | ActiveRecord: 0.7ms | Allocations: 15877)


Started GET "/" for 127.0.0.1 at 2021-06-28 10:53:24 +0100
Processing by HomeController#index as HTML
  Rendering home/index.html.erb within layouts/site
  Rendered home/index.html.erb within layouts/site (Duration: 4.7ms | Allocations: 3080)
  [1m[36mCategory Load (0.2ms)[0m  [1m[34mSELECT "categories".* FROM "categories" WHERE "categories"."ancestry" IS NULL[0m
  ↳ app/views/layouts/_header_two.html.erb:30
  [1m[36mCategory Load (0.2ms)[0m  [1m[34mSELECT "categories".* FROM "categories" WHERE "categories"."ancestry" = ?[0m  [["ancestry", "1"]]
  ↳ app/views/layouts/_header_two.html.erb:41
  [1m[36mCategory Load (0.1ms)[0m  [1m[34mSELECT "categories".* FROM "categories" WHERE "categories"."ancestry" = ?[0m  [["ancestry", "4"]]
  ↳ app/views/layouts/_header_two.html.erb:41
  Rendered layouts/_header_two.html.erb (Duration: 7.2ms | Allocations: 2688)
  [1m[36mCACHE Category Load (0.0ms)[0m  [1m[34mSELECT "categories".* FROM "categories" WHERE "categories"."ancestry" = ?[0m  [["ancestry", "1"]]
  ↳ app/views/layouts/_header.html.erb:117
  [1m[36mCACHE Category Load (0.0ms)[0m  [1m[34mSELECT "categories".* FROM "categories" WHERE "categories"."ancestry" = ?[0m  [["ancestry", "4"]]
  ↳ app/views/layouts/_header.html.erb:117
  Rendered layouts/_header.html.erb (Duration: 11.9ms | Allocations: 4797)
  Rendered layouts/_footer.html.erb (Duration: 0.8ms | Allocations: 325)
Completed 200 OK in 67ms (Views: 64.1ms | ActiveRecord: 0.6ms | Allocations: 15894)


Started GET "/" for 127.0.0.1 at 2021-06-28 10:59:50 +0100
  [1m[35m (0.3ms)[0m  [1m[34mSELECT sqlite_version(*)[0m
Processing by HomeController#index as HTML
  Rendering home/index.html.erb within layouts/site
  Rendered home/index.html.erb within layouts/site (Duration: 10.5ms | Allocations: 3079)
  [1m[36mCategory Load (0.7ms)[0m  [1m[34mSELECT "categories".* FROM "categories" WHERE "categories"."ancestry" IS NULL[0m
  ↳ app/views/layouts/_header_two.html.erb:30
  [1m[36mCategory Load (0.2ms)[0m  [1m[34mSELECT "categories".* FROM "categories" WHERE "categories"."ancestry" = ?[0m  [["ancestry", "1"]]
  ↳ app/views/layouts/_header_two.html.erb:41
  [1m[36mCategory Load (0.1ms)[0m  [1m[34mSELECT "categories".* FROM "categories" WHERE "categories"."ancestry" = ?[0m  [["ancestry", "4"]]
  ↳ app/views/layouts/_header_two.html.erb:41
  Rendered layouts/_header_two.html.erb (Duration: 8.0ms | Allocations: 2720)
  [1m[36mCACHE Category Load (0.0ms)[0m  [1m[34mSELECT "categories".* FROM "categories" WHERE "categories"."ancestry" = ?[0m  [["ancestry", "1"]]
  ↳ app/views/layouts/_header.html.erb:117
  [1m[36mCACHE Category Load (0.0ms)[0m  [1m[34mSELECT "categories".* FROM "categories" WHERE "categories"."ancestry" = ?[0m  [["ancestry", "4"]]
  ↳ app/views/layouts/_header.html.erb:117
  Rendered layouts/_header.html.erb (Duration: 12.9ms | Allocations: 4829)
  Rendered layouts/_footer.html.erb (Duration: 1.0ms | Allocations: 315)
Completed 200 OK in 113ms (Views: 92.2ms | ActiveRecord: 1.1ms | Allocations: 15906)


Started GET "/" for 127.0.0.1 at 2021-06-28 11:02:29 +0100
Processing by HomeController#index as HTML
  Rendering home/index.html.erb within layouts/site
  Rendered home/index.html.erb within layouts/site (Duration: 5.7ms | Allocations: 3079)
  [1m[36mCategory Load (1.7ms)[0m  [1m[34mSELECT "categories".* FROM "categories" WHERE "categories"."ancestry" IS NULL[0m
  ↳ app/views/layouts/_header_two.html.erb:30
  [1m[36mCategory Load (0.2ms)[0m  [1m[34mSELECT "categories".* FROM "categories" WHERE "categories"."ancestry" = ?[0m  [["ancestry", "1"]]
  ↳ app/views/layouts/_header_two.html.erb:41
  [1m[36mCategory Load (0.2ms)[0m  [1m[34mSELECT "categories".* FROM "categories" WHERE "categories"."ancestry" = ?[0m  [["ancestry", "4"]]
  ↳ app/views/layouts/_header_two.html.erb:41
  Rendered layouts/_header_two.html.erb (Duration: 12.1ms | Allocations: 2689)
  [1m[36mCACHE Category Load (0.0ms)[0m  [1m[34mSELECT "categories".* FROM "categories" WHERE "categories"."ancestry" = ?[0m  [["ancestry", "1"]]
  ↳ app/views/layouts/_header.html.erb:117
  [1m[36mCACHE Category Load (0.0ms)[0m  [1m[34mSELECT "categories".* FROM "categories" WHERE "categories"."ancestry" = ?[0m  [["ancestry", "4"]]
  ↳ app/views/layouts/_header.html.erb:117
  Rendered layouts/_header.html.erb (Duration: 18.2ms | Allocations: 4798)
  Rendered layouts/_footer.html.erb (Duration: 1.9ms | Allocations: 315)
Completed 200 OK in 70ms (Views: 64.6ms | ActiveRecord: 2.1ms | Allocations: 15878)


Started GET "/" for 127.0.0.1 at 2021-06-28 11:03:24 +0100
Processing by HomeController#index as HTML
  Rendering home/index.html.erb within layouts/site
  Rendered home/index.html.erb within layouts/site (Duration: 5.7ms | Allocations: 3078)
  [1m[36mCategory Load (0.1ms)[0m  [1m[34mSELECT "categories".* FROM "categories" WHERE "categories"."ancestry" IS NULL[0m
  ↳ app/views/layouts/_header_two.html.erb:30
  [1m[36mCategory Load (0.1ms)[0m  [1m[34mSELECT "categories".* FROM "categories" WHERE "categories"."ancestry" = ?[0m  [["ancestry", "1"]]
  ↳ app/views/layouts/_header_two.html.erb:41
  [1m[36mCategory Load (0.1ms)[0m  [1m[34mSELECT "categories".* FROM "categories" WHERE "categories"."ancestry" = ?[0m  [["ancestry", "4"]]
  ↳ app/views/layouts/_header_two.html.erb:41
  Rendered layouts/_header_two.html.erb (Duration: 6.2ms | Allocations: 2679)
  [1m[36mCACHE Category Load (0.0ms)[0m  [1m[34mSELECT "categories".* FROM "categories" WHERE "categories"."ancestry" = ?[0m  [["ancestry", "1"]]
  ↳ app/views/layouts/_header.html.erb:117
  [1m[36mCACHE Category Load (0.0ms)[0m  [1m[34mSELECT "categories".* FROM "categories" WHERE "categories"."ancestry" = ?[0m  [["ancestry", "4"]]
  ↳ app/views/layouts/_header.html.erb:117
  Rendered layouts/_header.html.erb (Duration: 12.7ms | Allocations: 4787)
  Rendered layouts/_footer.html.erb (Duration: 1.1ms | Allocations: 318)
Completed 200 OK in 57ms (Views: 54.1ms | ActiveRecord: 0.4ms | Allocations: 15808)


Started GET "/" for 127.0.0.1 at 2021-06-28 11:03:59 +0100
Processing by HomeController#index as HTML
  Rendering home/index.html.erb within layouts/site
  Rendered home/index.html.erb within layouts/site (Duration: 7.1ms | Allocations: 3078)
  [1m[36mCategory Load (0.2ms)[0m  [1m[34mSELECT "categories".* FROM "categories" WHERE "categories"."ancestry" IS NULL[0m
  ↳ app/views/layouts/_header_two.html.erb:30
  [1m[36mCategory Load (1.6ms)[0m  [1m[34mSELECT "categories".* FROM "categories" WHERE "categories"."ancestry" = ?[0m  [["ancestry", "1"]]
  ↳ app/views/layouts/_header_two.html.erb:41
  [1m[36mCategory Load (0.1ms)[0m  [1m[34mSELECT "categories".* FROM "categories" WHERE "categories"."ancestry" = ?[0m  [["ancestry", "4"]]
  ↳ app/views/layouts/_header_two.html.erb:41
  Rendered layouts/_header_two.html.erb (Duration: 14.0ms | Allocations: 2679)
  [1m[36mCACHE Category Load (0.0ms)[0m  [1m[34mSELECT "categories".* FROM "categories" WHERE "categories"."ancestry" = ?[0m  [["ancestry", "1"]]
  ↳ app/views/layouts/_header.html.erb:117
  [1m[36mCACHE Category Load (0.0ms)[0m  [1m[34mSELECT "categories".* FROM "categories" WHERE "categories"."ancestry" = ?[0m  [["ancestry", "4"]]
  ↳ app/views/layouts/_header.html.erb:117
  Rendered layouts/_header.html.erb (Duration: 21.0ms | Allocations: 4787)
  Rendered layouts/_footer.html.erb (Duration: 3.6ms | Allocations: 318)
Completed 200 OK in 63ms (Views: 59.1ms | ActiveRecord: 2.0ms | Allocations: 15812)


Started GET "/" for 127.0.0.1 at 2021-06-28 11:06:04 +0100
Processing by HomeController#index as HTML
  Rendering home/index.html.erb within layouts/site
  Rendered home/index.html.erb within layouts/site (Duration: 4.5ms | Allocations: 3083)
  [1m[36mCategory Load (0.5ms)[0m  [1m[34mSELECT "categories".* FROM "categories" WHERE "categories"."ancestry" IS NULL[0m
  ↳ app/views/layouts/_header_two.html.erb:30
  [1m[36mCategory Load (1.0ms)[0m  [1m[34mSELECT "categories".* FROM "categories" WHERE "categories"."ancestry" = ?[0m  [["ancestry", "1"]]
  ↳ app/views/layouts/_header_two.html.erb:41
  [1m[36mCategory Load (0.2ms)[0m  [1m[34mSELECT "categories".* FROM "categories" WHERE "categories"."ancestry" = ?[0m  [["ancestry", "4"]]
  ↳ app/views/layouts/_header_two.html.erb:41
  Rendered layouts/_header_two.html.erb (Duration: 16.5ms | Allocations: 2679)
  [1m[36mCACHE Category Load (0.0ms)[0m  [1m[34mSELECT "categories".* FROM "categories" WHERE "categories"."ancestry" = ?[0m  [["ancestry", "1"]]
  ↳ app/views/layouts/_header.html.erb:117
  [1m[36mCACHE Category Load (0.0ms)[0m  [1m[34mSELECT "categories".* FROM "categories" WHERE "categories"."ancestry" = ?[0m  [["ancestry", "4"]]
  ↳ app/views/layouts/_header.html.erb:117
  Rendered layouts/_header.html.erb (Duration: 29.3ms | Allocations: 4788)
  Rendered layouts/_footer.html.erb (Duration: 1.1ms | Allocations: 320)
Completed 200 OK in 62ms (Views: 58.2ms | ActiveRecord: 1.7ms | Allocations: 15975)


Started GET "/" for 127.0.0.1 at 2021-06-28 11:07:57 +0100
Processing by HomeController#index as HTML
  Rendering home/index.html.erb within layouts/site
  Rendered home/index.html.erb within layouts/site (Duration: 4.0ms | Allocations: 3079)
  [1m[36mCategory Load (0.5ms)[0m  [1m[34mSELECT "categories".* FROM "categories" WHERE "categories"."ancestry" IS NULL[0m
  ↳ app/views/layouts/_header_two.html.erb:30
  [1m[36mCategory Load (0.2ms)[0m  [1m[34mSELECT "categories".* FROM "categories" WHERE "categories"."ancestry" = ?[0m  [["ancestry", "1"]]
  ↳ app/views/layouts/_header_two.html.erb:41
  [1m[36mCategory Load (0.2ms)[0m  [1m[34mSELECT "categories".* FROM "categories" WHERE "categories"."ancestry" = ?[0m  [["ancestry", "4"]]
  ↳ app/views/layouts/_header_two.html.erb:41
  Rendered layouts/_header_two.html.erb (Duration: 11.8ms | Allocations: 2689)
  [1m[36mCACHE Category Load (0.0ms)[0m  [1m[34mSELECT "categories".* FROM "categories" WHERE "categories"."ancestry" = ?[0m  [["ancestry", "1"]]
  ↳ app/views/layouts/_header.html.erb:117
  [1m[36mCACHE Category Load (0.0ms)[0m  [1m[34mSELECT "categories".* FROM "categories" WHERE "categories"."ancestry" = ?[0m  [["ancestry", "4"]]
  ↳ app/views/layouts/_header.html.erb:117
  Rendered layouts/_header.html.erb (Duration: 16.9ms | Allocations: 4798)
  Rendered layouts/_footer.html.erb (Duration: 0.8ms | Allocations: 320)
Completed 200 OK in 41ms (Views: 38.7ms | ActiveRecord: 0.8ms | Allocations: 15986)


Started GET "/" for 127.0.0.1 at 2021-06-28 11:09:24 +0100
Processing by HomeController#index as HTML
  Rendering home/index.html.erb within layouts/site
  Rendered home/index.html.erb within layouts/site (Duration: 9.5ms | Allocations: 3078)
  [1m[36mCategory Load (0.6ms)[0m  [1m[34mSELECT "categories".* FROM "categories" WHERE "categories"."ancestry" IS NULL[0m
  ↳ app/views/layouts/_header_two.html.erb:30
  [1m[36mCategory Load (0.1ms)[0m  [1m[34mSELECT "categories".* FROM "categories" WHERE "categories"."ancestry" = ?[0m  [["ancestry", "1"]]
  ↳ app/views/layouts/_header_two.html.erb:41
  [1m[36mCategory Load (0.2ms)[0m  [1m[34mSELECT "categories".* FROM "categories" WHERE "categories"."ancestry" = ?[0m  [["ancestry", "4"]]
  ↳ app/views/layouts/_header_two.html.erb:41
  Rendered layouts/_header_two.html.erb (Duration: 9.5ms | Allocations: 2679)
  [1m[36mCACHE Category Load (0.1ms)[0m  [1m[34mSELECT "categories".* FROM "categories" WHERE "categories"."ancestry" = ?[0m  [["ancestry", "1"]]
  ↳ app/views/layouts/_header.html.erb:117
  [1m[36mCACHE Category Load (0.0ms)[0m  [1m[34mSELECT "categories".* FROM "categories" WHERE "categories"."ancestry" = ?[0m  [["ancestry", "4"]]
  ↳ app/views/layouts/_header.html.erb:117
  Rendered layouts/_header.html.erb (Duration: 20.8ms | Allocations: 4787)
  Rendered layouts/_footer.html.erb (Duration: 1.3ms | Allocations: 320)
Completed 200 OK in 52ms (Views: 49.1ms | ActiveRecord: 0.9ms | Allocations: 15810)


Started GET "/" for 127.0.0.1 at 2021-06-28 11:10:22 +0100
Processing by HomeController#index as HTML
  Rendering home/index.html.erb within layouts/site
  Rendered home/index.html.erb within layouts/site (Duration: 5.7ms | Allocations: 3078)
  [1m[36mCategory Load (0.4ms)[0m  [1m[34mSELECT "categories".* FROM "categories" WHERE "categories"."ancestry" IS NULL[0m
  ↳ app/views/layouts/_header_two.html.erb:30
  [1m[36mCategory Load (0.2ms)[0m  [1m[34mSELECT "categories".* FROM "categories" WHERE "categories"."ancestry" = ?[0m  [["ancestry", "1"]]
  ↳ app/views/layouts/_header_two.html.erb:41
  [1m[36mCategory Load (0.1ms)[0m  [1m[34mSELECT "categories".* FROM "categories" WHERE "categories"."ancestry" = ?[0m  [["ancestry", "4"]]
  ↳ app/views/layouts/_header_two.html.erb:41
  Rendered layouts/_header_two.html.erb (Duration: 13.7ms | Allocations: 2679)
  [1m[36mCACHE Category Load (0.0ms)[0m  [1m[34mSELECT "categories".* FROM "categories" WHERE "categories"."ancestry" = ?[0m  [["ancestry", "1"]]
  ↳ app/views/layouts/_header.html.erb:117
  [1m[36mCACHE Category Load (0.0ms)[0m  [1m[34mSELECT "categories".* FROM "categories" WHERE "categories"."ancestry" = ?[0m  [["ancestry", "4"]]
  ↳ app/views/layouts/_header.html.erb:117
  Rendered layouts/_header.html.erb (Duration: 20.7ms | Allocations: 4787)
  Rendered layouts/_footer.html.erb (Duration: 6.3ms | Allocations: 320)
Completed 200 OK in 56ms (Views: 54.3ms | ActiveRecord: 0.8ms | Allocations: 15810)


Started GET "/" for 127.0.0.1 at 2021-06-28 11:10:36 +0100
Processing by HomeController#index as HTML
  Rendering home/index.html.erb within layouts/site
  Rendered home/index.html.erb within layouts/site (Duration: 3.1ms | Allocations: 3081)
  [1m[36mCategory Load (0.1ms)[0m  [1m[34mSELECT "categories".* FROM "categories" WHERE "categories"."ancestry" IS NULL[0m
  ↳ app/views/layouts/_header_two.html.erb:30
  [1m[36mCategory Load (0.1ms)[0m  [1m[34mSELECT "categories".* FROM "categories" WHERE "categories"."ancestry" = ?[0m  [["ancestry", "1"]]
  ↳ app/views/layouts/_header_two.html.erb:41
  [1m[36mCategory Load (0.1ms)[0m  [1m[34mSELECT "categories".* FROM "categories" WHERE "categories"."ancestry" = ?[0m  [["ancestry", "4"]]
  ↳ app/views/layouts/_header_two.html.erb:41
  Rendered layouts/_header_two.html.erb (Duration: 10.3ms | Allocations: 2679)
  [1m[36mCACHE Category Load (0.0ms)[0m  [1m[34mSELECT "categories".* FROM "categories" WHERE "categories"."ancestry" = ?[0m  [["ancestry", "1"]]
  ↳ app/views/layouts/_header.html.erb:117
  [1m[36mCACHE Category Load (0.0ms)[0m  [1m[34mSELECT "categories".* FROM "categories" WHERE "categories"."ancestry" = ?[0m  [["ancestry", "4"]]
  ↳ app/views/layouts/_header.html.erb:117
  Rendered layouts/_header.html.erb (Duration: 30.6ms | Allocations: 4788)
  Rendered layouts/_footer.html.erb (Duration: 2.3ms | Allocations: 321)
Completed 200 OK in 67ms (Views: 64.6ms | ActiveRecord: 0.4ms | Allocations: 15968)


Started GET "/" for 127.0.0.1 at 2021-06-28 11:10:58 +0100
Processing by HomeController#index as HTML
  Rendering home/index.html.erb within layouts/site
  Rendered home/index.html.erb within layouts/site (Duration: 3.0ms | Allocations: 3078)
  [1m[36mCategory Load (0.1ms)[0m  [1m[34mSELECT "categories".* FROM "categories" WHERE "categories"."ancestry" IS NULL[0m
  ↳ app/views/layouts/_header_two.html.erb:30
  [1m[36mCategory Load (0.1ms)[0m  [1m[34mSELECT "categories".* FROM "categories" WHERE "categories"."ancestry" = ?[0m  [["ancestry", "1"]]
  ↳ app/views/layouts/_header_two.html.erb:41
  [1m[36mCategory Load (0.2ms)[0m  [1m[34mSELECT "categories".* FROM "categories" WHERE "categories"."ancestry" = ?[0m  [["ancestry", "4"]]
  ↳ app/views/layouts/_header_two.html.erb:41
  Rendered layouts/_header_two.html.erb (Duration: 4.8ms | Allocations: 2679)
  [1m[36mCACHE Category Load (0.0ms)[0m  [1m[34mSELECT "categories".* FROM "categories" WHERE "categories"."ancestry" = ?[0m  [["ancestry", "1"]]
  ↳ app/views/layouts/_header.html.erb:117
  [1m[36mCACHE Category Load (0.0ms)[0m  [1m[34mSELECT "categories".* FROM "categories" WHERE "categories"."ancestry" = ?[0m  [["ancestry", "4"]]
  ↳ app/views/layouts/_header.html.erb:117
  Rendered layouts/_header.html.erb (Duration: 10.4ms | Allocations: 4788)
  Rendered layouts/_footer.html.erb (Duration: 2.4ms | Allocations: 320)
Completed 200 OK in 38ms (Views: 35.8ms | ActiveRecord: 0.5ms | Allocations: 15962)


Started GET "/" for 127.0.0.1 at 2021-06-28 11:12:00 +0100
Processing by HomeController#index as HTML
  Rendering home/index.html.erb within layouts/site
  Rendered home/index.html.erb within layouts/site (Duration: 3.6ms | Allocations: 3078)
  [1m[36mCategory Load (0.1ms)[0m  [1m[34mSELECT "categories".* FROM "categories" WHERE "categories"."ancestry" IS NULL[0m
  ↳ app/views/layouts/_header_two.html.erb:30
  [1m[36mCategory Load (0.1ms)[0m  [1m[34mSELECT "categories".* FROM "categories" WHERE "categories"."ancestry" = ?[0m  [["ancestry", "1"]]
  ↳ app/views/layouts/_header_two.html.erb:41
  [1m[36mCategory Load (0.4ms)[0m  [1m[34mSELECT "categories".* FROM "categories" WHERE "categories"."ancestry" = ?[0m  [["ancestry", "4"]]
  ↳ app/views/layouts/_header_two.html.erb:41
  Rendered layouts/_header_two.html.erb (Duration: 7.5ms | Allocations: 2679)
  [1m[36mCACHE Category Load (0.0ms)[0m  [1m[34mSELECT "categories".* FROM "categories" WHERE "categories"."ancestry" = ?[0m  [["ancestry", "1"]]
  ↳ app/views/layouts/_header.html.erb:117
  [1m[36mCACHE Category Load (0.6ms)[0m  [1m[34mSELECT "categories".* FROM "categories" WHERE "categories"."ancestry" = ?[0m  [["ancestry", "4"]]
  ↳ app/views/layouts/_header.html.erb:117
  Rendered layouts/_header.html.erb (Duration: 13.1ms | Allocations: 4788)
  Rendered layouts/_footer.html.erb (Duration: 1.2ms | Allocations: 321)
Completed 200 OK in 33ms (Views: 30.1ms | ActiveRecord: 1.2ms | Allocations: 15959)


Started GET "/" for 127.0.0.1 at 2021-06-28 11:12:39 +0100
Processing by HomeController#index as HTML
  Rendering home/index.html.erb within layouts/site
  Rendered home/index.html.erb within layouts/site (Duration: 4.6ms | Allocations: 3078)
  [1m[36mCategory Load (2.7ms)[0m  [1m[34mSELECT "categories".* FROM "categories" WHERE "categories"."ancestry" IS NULL[0m
  ↳ app/views/layouts/_header_two.html.erb:30
  [1m[36mCategory Load (0.1ms)[0m  [1m[34mSELECT "categories".* FROM "categories" WHERE "categories"."ancestry" = ?[0m  [["ancestry", "1"]]
  ↳ app/views/layouts/_header_two.html.erb:41
  [1m[36mCategory Load (0.1ms)[0m  [1m[34mSELECT "categories".* FROM "categories" WHERE "categories"."ancestry" = ?[0m  [["ancestry", "4"]]
  ↳ app/views/layouts/_header_two.html.erb:41
  Rendered layouts/_header_two.html.erb (Duration: 7.6ms | Allocations: 2679)
  [1m[36mCACHE Category Load (0.0ms)[0m  [1m[34mSELECT "categories".* FROM "categories" WHERE "categories"."ancestry" = ?[0m  [["ancestry", "1"]]
  ↳ app/views/layouts/_header.html.erb:117
  [1m[36mCACHE Category Load (0.0ms)[0m  [1m[34mSELECT "categories".* FROM "categories" WHERE "categories"."ancestry" = ?[0m  [["ancestry", "4"]]
  ↳ app/views/layouts/_header.html.erb:117
  Rendered layouts/_header.html.erb (Duration: 14.1ms | Allocations: 4787)
  Rendered layouts/_footer.html.erb (Duration: 2.8ms | Allocations: 321)
Completed 200 OK in 47ms (Views: 42.5ms | ActiveRecord: 2.9ms | Allocations: 15807)


Started GET "/" for 127.0.0.1 at 2021-06-28 11:13:13 +0100
Processing by HomeController#index as HTML
  Rendering home/index.html.erb within layouts/site
  Rendered home/index.html.erb within layouts/site (Duration: 3.7ms | Allocations: 3078)
  [1m[36mCategory Load (0.8ms)[0m  [1m[34mSELECT "categories".* FROM "categories" WHERE "categories"."ancestry" IS NULL[0m
  ↳ app/views/layouts/_header_two.html.erb:30
  [1m[36mCategory Load (0.2ms)[0m  [1m[34mSELECT "categories".* FROM "categories" WHERE "categories"."ancestry" = ?[0m  [["ancestry", "1"]]
  ↳ app/views/layouts/_header_two.html.erb:41
  [1m[36mCategory Load (0.2ms)[0m  [1m[34mSELECT "categories".* FROM "categories" WHERE "categories"."ancestry" = ?[0m  [["ancestry", "4"]]
  ↳ app/views/layouts/_header_two.html.erb:41
  Rendered layouts/_header_two.html.erb (Duration: 8.1ms | Allocations: 2680)
  [1m[36mCACHE Category Load (0.0ms)[0m  [1m[34mSELECT "categories".* FROM "categories" WHERE "categories"."ancestry" = ?[0m  [["ancestry", "1"]]
  ↳ app/views/layouts/_header.html.erb:117
  [1m[36mCACHE Category Load (0.0ms)[0m  [1m[34mSELECT "categories".* FROM "categories" WHERE "categories"."ancestry" = ?[0m  [["ancestry", "4"]]
  ↳ app/views/layouts/_header.html.erb:117
  Rendered layouts/_header.html.erb (Duration: 12.2ms | Allocations: 4792)
  Rendered layouts/_footer.html.erb (Duration: 0.5ms | Allocations: 322)
Completed 200 OK in 38ms (Views: 34.5ms | ActiveRecord: 1.3ms | Allocations: 15856)


Started GET "/" for 127.0.0.1 at 2021-06-28 11:13:34 +0100
Processing by HomeController#index as HTML
  Rendering home/index.html.erb within layouts/site
  Rendered home/index.html.erb within layouts/site (Duration: 3.7ms | Allocations: 3079)
  [1m[36mCategory Load (0.6ms)[0m  [1m[34mSELECT "categories".* FROM "categories" WHERE "categories"."ancestry" IS NULL[0m
  ↳ app/views/layouts/_header_two.html.erb:30
  [1m[36mCategory Load (0.1ms)[0m  [1m[34mSELECT "categories".* FROM "categories" WHERE "categories"."ancestry" = ?[0m  [["ancestry", "1"]]
  ↳ app/views/layouts/_header_two.html.erb:41
  [1m[36mCategory Load (0.2ms)[0m  [1m[34mSELECT "categories".* FROM "categories" WHERE "categories"."ancestry" = ?[0m  [["ancestry", "4"]]
  ↳ app/views/layouts/_header_two.html.erb:41
  Rendered layouts/_header_two.html.erb (Duration: 6.8ms | Allocations: 2679)
  [1m[36mCACHE Category Load (0.0ms)[0m  [1m[34mSELECT "categories".* FROM "categories" WHERE "categories"."ancestry" = ?[0m  [["ancestry", "1"]]
  ↳ app/views/layouts/_header.html.erb:117
  [1m[36mCACHE Category Load (0.0ms)[0m  [1m[34mSELECT "categories".* FROM "categories" WHERE "categories"."ancestry" = ?[0m  [["ancestry", "4"]]
  ↳ app/views/layouts/_header.html.erb:117
  Rendered layouts/_header.html.erb (Duration: 10.7ms | Allocations: 4788)
  Rendered layouts/_footer.html.erb (Duration: 0.5ms | Allocations: 321)
Completed 200 OK in 36ms (Views: 31.9ms | ActiveRecord: 0.9ms | Allocations: 15970)


